<?xml version="1.0" encoding="UTF-8"?>
<testsuite xmlns:xsi="http://www.w3.org/2001/XMLSchema-instance" xsi:noNamespaceSchemaLocation="https://maven.apache.org/surefire/maven-surefire-plugin/xsd/surefire-test-report-3.0.xsd" version="3.0" name="library.service.UserServiceTest" time="0.121" tests="3" errors="0" skipped="0" failures="0">
  <properties>
    <property name="java.specification.version" value="20"/>
    <property name="sun.jnu.encoding" value="UTF-8"/>
    <property name="java.class.path" value="/Users/vlad/IdeaProjects/Library_ERP/target/test-classes:/Users/vlad/IdeaProjects/Library_ERP/target/classes:/Users/vlad/.m2/repository/org/projectlombok/lombok/1.18.26/lombok-1.18.26.jar:/Users/vlad/.m2/repository/org/junit/jupiter/junit-jupiter-api/5.10.0-M1/junit-jupiter-api-5.10.0-M1.jar:/Users/vlad/.m2/repository/org/opentest4j/opentest4j/1.2.0/opentest4j-1.2.0.jar:/Users/vlad/.m2/repository/org/junit/platform/junit-platform-commons/1.10.0-M1/junit-platform-commons-1.10.0-M1.jar:/Users/vlad/.m2/repository/org/apiguardian/apiguardian-api/1.1.2/apiguardian-api-1.1.2.jar:/Users/vlad/.m2/repository/org/junit/jupiter/junit-jupiter-engine/5.10.0-M1/junit-jupiter-engine-5.10.0-M1.jar:/Users/vlad/.m2/repository/org/junit/platform/junit-platform-engine/1.10.0-M1/junit-platform-engine-1.10.0-M1.jar:/Users/vlad/.m2/repository/org/junit/jupiter/junit-jupiter-params/5.10.0-M1/junit-jupiter-params-5.10.0-M1.jar:/Users/vlad/.m2/repository/org/hamcrest/hamcrest/2.2/hamcrest-2.2.jar:/Users/vlad/.m2/repository/org/assertj/assertj-core/3.20.2/assertj-core-3.20.2.jar:/Users/vlad/.m2/repository/org/mockito/mockito-core/3.12.4/mockito-core-3.12.4.jar:/Users/vlad/.m2/repository/net/bytebuddy/byte-buddy/1.11.13/byte-buddy-1.11.13.jar:/Users/vlad/.m2/repository/net/bytebuddy/byte-buddy-agent/1.11.13/byte-buddy-agent-1.11.13.jar:/Users/vlad/.m2/repository/org/objenesis/objenesis/3.2/objenesis-3.2.jar:/Users/vlad/.m2/repository/org/mockito/mockito-junit-jupiter/3.12.4/mockito-junit-jupiter-3.12.4.jar:"/>
    <property name="java.vm.vendor" value="Oracle Corporation"/>
    <property name="sun.arch.data.model" value="64"/>
    <property name="java.vendor.url" value="https://java.oracle.com/"/>
    <property name="os.name" value="Mac OS X"/>
    <property name="java.vm.specification.version" value="20"/>
    <property name="sun.java.launcher" value="SUN_STANDARD"/>
    <property name="user.country" value="IE"/>
    <property name="sun.boot.library.path" value="/Users/vlad/Library/Java/JavaVirtualMachines/openjdk-20.0.1/Contents/Home/lib"/>
    <property name="sun.java.command" value="/Users/vlad/IdeaProjects/Library_ERP/target/surefire/surefirebooter-20230603141012095_3.jar /Users/vlad/IdeaProjects/Library_ERP/target/surefire 2023-06-03T14-10-11_989-jvmRun1 surefire-20230603141012095_1tmp surefire_0-20230603141012095_2tmp"/>
    <property name="http.nonProxyHosts" value="local|*.local|169.254/16|*.169.254/16"/>
    <property name="jdk.debug" value="release"/>
    <property name="surefire.test.class.path" value="/Users/vlad/IdeaProjects/Library_ERP/target/test-classes:/Users/vlad/IdeaProjects/Library_ERP/target/classes:/Users/vlad/.m2/repository/org/projectlombok/lombok/1.18.26/lombok-1.18.26.jar:/Users/vlad/.m2/repository/org/junit/jupiter/junit-jupiter-api/5.10.0-M1/junit-jupiter-api-5.10.0-M1.jar:/Users/vlad/.m2/repository/org/opentest4j/opentest4j/1.2.0/opentest4j-1.2.0.jar:/Users/vlad/.m2/repository/org/junit/platform/junit-platform-commons/1.10.0-M1/junit-platform-commons-1.10.0-M1.jar:/Users/vlad/.m2/repository/org/apiguardian/apiguardian-api/1.1.2/apiguardian-api-1.1.2.jar:/Users/vlad/.m2/repository/org/junit/jupiter/junit-jupiter-engine/5.10.0-M1/junit-jupiter-engine-5.10.0-M1.jar:/Users/vlad/.m2/repository/org/junit/platform/junit-platform-engine/1.10.0-M1/junit-platform-engine-1.10.0-M1.jar:/Users/vlad/.m2/repository/org/junit/jupiter/junit-jupiter-params/5.10.0-M1/junit-jupiter-params-5.10.0-M1.jar:/Users/vlad/.m2/repository/org/hamcrest/hamcrest/2.2/hamcrest-2.2.jar:/Users/vlad/.m2/repository/org/assertj/assertj-core/3.20.2/assertj-core-3.20.2.jar:/Users/vlad/.m2/repository/org/mockito/mockito-core/3.12.4/mockito-core-3.12.4.jar:/Users/vlad/.m2/repository/net/bytebuddy/byte-buddy/1.11.13/byte-buddy-1.11.13.jar:/Users/vlad/.m2/repository/net/bytebuddy/byte-buddy-agent/1.11.13/byte-buddy-agent-1.11.13.jar:/Users/vlad/.m2/repository/org/objenesis/objenesis/3.2/objenesis-3.2.jar:/Users/vlad/.m2/repository/org/mockito/mockito-junit-jupiter/3.12.4/mockito-junit-jupiter-3.12.4.jar:"/>
    <property name="sun.cpu.endian" value="little"/>
    <property name="user.home" value="/Users/vlad"/>
    <property name="user.language" value="en"/>
    <property name="java.specification.vendor" value="Oracle Corporation"/>
    <property name="java.version.date" value="2023-04-18"/>
    <property name="java.home" value="/Users/vlad/Library/Java/JavaVirtualMachines/openjdk-20.0.1/Contents/Home"/>
    <property name="file.separator" value="/"/>
    <property name="basedir" value="/Users/vlad/IdeaProjects/Library_ERP"/>
    <property name="java.vm.compressedOopsMode" value="Zero based"/>
    <property name="line.separator" value="&#10;"/>
    <property name="java.vm.specification.vendor" value="Oracle Corporation"/>
    <property name="java.specification.name" value="Java Platform API Specification"/>
    <property name="apple.awt.application.name" value="ForkedBooter"/>
    <property name="surefire.real.class.path" value="/Users/vlad/IdeaProjects/Library_ERP/target/surefire/surefirebooter-20230603141012095_3.jar"/>
    <property name="sun.management.compiler" value="HotSpot 64-Bit Tiered Compilers"/>
    <property name="ftp.nonProxyHosts" value="local|*.local|169.254/16|*.169.254/16"/>
    <property name="java.runtime.version" value="20.0.1+9-29"/>
    <property name="user.name" value="vlad"/>
    <property name="stdout.encoding" value="UTF-8"/>
    <property name="path.separator" value=":"/>
    <property name="os.version" value="12.6.6"/>
    <property name="java.runtime.name" value="OpenJDK Runtime Environment"/>
    <property name="file.encoding" value="UTF-8"/>
    <property name="java.vm.name" value="OpenJDK 64-Bit Server VM"/>
    <property name="localRepository" value="/Users/vlad/.m2/repository"/>
    <property name="java.vendor.url.bug" value="https://bugreport.java.com/bugreport/"/>
    <property name="java.io.tmpdir" value="/var/folders/_4/__z9_0_x5tl0qn0jjkcc5wk00000gn/T/"/>
    <property name="idea.version" value="2023.1.2"/>
    <property name="java.version" value="20.0.1"/>
    <property name="user.dir" value="/Users/vlad/IdeaProjects/Library_ERP"/>
    <property name="os.arch" value="x86_64"/>
    <property name="java.vm.specification.name" value="Java Virtual Machine Specification"/>
    <property name="native.encoding" value="UTF-8"/>
    <property name="java.library.path" value="/Users/vlad/Library/Java/Extensions:/Library/Java/Extensions:/Network/Library/Java/Extensions:/System/Library/Java/Extensions:/usr/lib/java:."/>
    <property name="java.vm.info" value="mixed mode, sharing"/>
    <property name="stderr.encoding" value="UTF-8"/>
    <property name="java.vendor" value="Oracle Corporation"/>
    <property name="java.vm.version" value="20.0.1+9-29"/>
    <property name="sun.io.unicode.encoding" value="UnicodeBig"/>
    <property name="socksNonProxyHosts" value="local|*.local|169.254/16|*.169.254/16"/>
    <property name="java.class.version" value="64.0"/>
  </properties>
  <testcase name="addUserTest" classname="library.service.UserServiceTest" time="0.056">
    <system-err><![CDATA[Admin User{id=0, username admin#1', type=null} added a new user User{id=52, username newUserName', type=MANAGER}
]]></system-err>
  </testcase>
  <testcase name="spyExample" classname="library.service.UserServiceTest" time="0.047"/>
  <testcase name="getUsers" classname="library.service.UserServiceTest" time="0.009"/>
</testsuite>